2021-01-17 02:13:49,152:WARNING:discord.client: PyNaCl is not installed, voice will NOT be supported
2021-01-17 02:13:49,153:DEBUG:discord.client: on_ready has successfully been registered as an event
2021-01-17 02:13:49,154:INFO:discord.client: logging in using static token
2021-01-17 02:13:49,492:DEBUG:discord.http: GET https://discord.com/api/v7/users/@me with None has returned 200
2021-01-17 02:13:49,492:DEBUG:discord.http: GET https://discord.com/api/v7/users/@me has received {'id': '786698885326307358', 'username': 'wotbottester', 'avatar': None, 'discriminator': '5232', 'public_flags': 0, 'flags': 0, 'bot': True, 'email': None, 'verified': True, 'locale': 'en-US', 'mfa_enabled': False}
2021-01-17 02:13:49,507:DEBUG:discord.http: GET https://discord.com/api/v7/gateway with None has returned 200
2021-01-17 02:13:49,508:DEBUG:discord.http: GET https://discord.com/api/v7/gateway has received {'url': 'wss://gateway.discord.gg'}
2021-01-17 02:13:49,694:DEBUG:discord.gateway: Created websocket connected to wss://gateway.discord.gg?encoding=json&v=6&compress=zlib-stream
2021-01-17 02:13:49,695:DEBUG:discord.client: Dispatching event socket_raw_receive
2021-01-17 02:13:49,695:DEBUG:discord.gateway: For Shard ID None: WebSocket Event: {'t': None, 's': None, 'op': 10, 'd': {'heartbeat_interval': 41250, '_trace': ['["gateway-prd-main-k87v",{"micros":0.0}]']}}
2021-01-17 02:13:49,695:DEBUG:discord.client: Dispatching event socket_response
2021-01-17 02:13:49,695:DEBUG:discord.client: Dispatching event socket_raw_send
2021-01-17 02:13:49,695:DEBUG:discord.client: Dispatching event socket_raw_send
2021-01-17 02:13:49,696:INFO:discord.gateway: Shard ID None has sent the IDENTIFY payload.
2021-01-17 02:13:49,774:DEBUG:discord.client: Dispatching event socket_raw_receive
2021-01-17 02:13:49,774:DEBUG:discord.gateway: For Shard ID None: WebSocket Event: {'t': None, 's': None, 'op': 11, 'd': None}
2021-01-17 02:13:49,774:DEBUG:discord.client: Dispatching event socket_response
2021-01-17 02:13:49,823:DEBUG:discord.client: Dispatching event socket_raw_receive
2021-01-17 02:13:49,823:DEBUG:discord.gateway: For Shard ID None: WebSocket Event: {'t': 'READY', 's': 1, 'op': 0, 'd': {'v': 6, 'user_settings': {}, 'user': {'verified': True, 'username': 'wotbottester', 'mfa_enabled': False, 'id': '786698885326307358', 'flags': 0, 'email': None, 'discriminator': '5232', 'bot': True, 'avatar': None}, 'session_id': '44b0259060fd3d60b8bb5cf7c8a2846b', 'relationships': [], 'private_channels': [], 'presences': [], 'guilds': [{'unavailable': True, 'id': '719707418833190995'}], 'guild_join_requests': [], 'geo_ordered_rtc_regions': ['us-west', 'us-south', 'us-central', 'us-east', 'europe'], 'application': {'id': '786698885326307358', 'flags': 0}, '_trace': ['["gateway-prd-main-k87v",{"micros":47223,"calls":["discord-sessions-prd-2-107",{"micros":45801,"calls":["start_session",{"micros":43585,"calls":["api-prd-main-n4bw",{"micros":40461,"calls":["get_user",{"micros":2752},"add_authorized_ip",{"micros":1391},"get_guilds",{"micros":5604},"coros_wait",{"micros":1}]}]},"guilds_connect",{"micros":2,"calls":[]},"presence_connect",{"micros":1680,"calls":[]}]}]}]']}}
2021-01-17 02:13:49,823:DEBUG:discord.client: Dispatching event socket_response
2021-01-17 02:13:49,823:INFO:discord.gateway: Shard ID None has connected to Gateway: ["gateway-prd-main-k87v",{"micros":47223,"calls":["discord-sessions-prd-2-107",{"micros":45801,"calls":["start_session",{"micros":43585,"calls":["api-prd-main-n4bw",{"micros":40461,"calls":["get_user",{"micros":2752},"add_authorized_ip",{"micros":1391},"get_guilds",{"micros":5604},"coros_wait",{"micros":1}]}]},"guilds_connect",{"micros":2,"calls":[]},"presence_connect",{"micros":1680,"calls":[]}]}]}] (Session ID: 44b0259060fd3d60b8bb5cf7c8a2846b).
2021-01-17 02:13:49,830:DEBUG:discord.client: Dispatching event connect
2021-01-17 02:13:49,831:DEBUG:discord.client: Dispatching event socket_raw_receive
2021-01-17 02:13:49,831:DEBUG:discord.gateway: For Shard ID None: WebSocket Event: {'t': 'GUILD_CREATE', 's': 2, 'op': 0, 'd': {'description': None, 'max_members': 100000, 'public_updates_channel_id': None, 'voice_states': [], 'preferred_locale': 'en-US', 'emojis': [], 'system_channel_flags': 0, 'verification_level': 0, 'default_message_notifications': 0, 'splash': None, 'features': [], 'rules_channel_id': None, 'afk_timeout': 300, 'name': "Zrayaz's server", 'premium_subscription_count': 0, 'premium_tier': 0, 'mfa_level': 0, 'discovery_splash': None, 'unavailable': False, 'explicit_content_filter': 0, 'roles': [{'position': 0, 'permissions_new': '104320577', 'permissions': 104320577, 'name': '@everyone', 'mentionable': False, 'managed': False, 'id': '719707418833190995', 'hoist': False, 'color': 0}, {'tags': {'bot_id': '550613223733329920'}, 'position': 1, 'permissions_new': '1342532696', 'permissions': 1342532696, 'name': 'Reaction Roles', 'mentionable': False, 'managed': True, 'id': '779065480827633690', 'hoist': False, 'color': 0}, {'tags': {'bot_id': '792584092695658507'}, 'position': 1, 'permissions_new': '1611136064', 'permissions': 1611136064, 'name': 'JakeFromStateFarm', 'mentionable': False, 'managed': True, 'id': '792587046022938675', 'hoist': False, 'color': 0}, {'tags': {'bot_id': '786698885326307358'}, 'position': 1, 'permissions_new': '8', 'permissions': 8, 'name': '2DicksAndLie', 'mentionable': False, 'managed': True, 'id': '794059389543252010', 'hoist': False, 'color': 0}, {'tags': {'bot_id': '795138145104166912'}, 'position': 1, 'permissions_new': '117824', 'permissions': 117824, 'name': 'Wotstats', 'mentionable': False, 'managed': True, 'id': '795416024777490463', 'hoist': False, 'color': 0}], 'channels': [{'type': 4, 'position': 0, 'permission_overwrites': [], 'name': 'Text Channels', 'id': '719707418833190997'}, {'type': 4, 'position': 0, 'permission_overwrites': [], 'name': 'Voice Channels', 'id': '719707418833190998'}, {'type': 0, 'topic': None, 'rate_limit_per_user': 0, 'position': 0, 'permission_overwrites': [], 'parent_id': '719707418833190997', 'name': 'general', 'last_message_id': '800291607622451210', 'id': '719707418833190999'}, {'user_limit': 0, 'type': 2, 'position': 0, 'permission_overwrites': [], 'parent_id': '719707418833190998', 'name': 'General', 'id': '719707419285913671', 'bitrate': 64000}], 'owner_id': '254406026374152192', 'banner': None, 'afk_channel_id': None, 'presences': [], 'guild_hashes': {'version': 1, 'roles': {'omitted': False, 'hash': 'qvHYJZHWJ14'}, 'metadata': {'omitted': False, 'hash': 'CcsfY/CHwbA'}, 'channels': {'omitted': False, 'hash': '3sbGYJiC4IQ'}}, 'vanity_url_code': None, 'system_channel_id': '719707418833190999', 'max_video_channel_users': 25, 'large': False, 'lazy': True, 'region': 'us-west', 'icon': None, 'application_id': None, 'members': [{'user': {'username': 'wotbottester', 'id': '786698885326307358', 'discriminator': '5232', 'bot': True, 'avatar': None}, 'roles': ['794059389543252010'], 'mute': False, 'joined_at': '2020-12-31T04:28:31.475000+00:00', 'hoisted_role': None, 'deaf': False}], 'member_count': 5, 'threads': [], 'joined_at': '2020-12-31T04:28:31.475000+00:00', 'id': '719707418833190995'}}
2021-01-17 02:13:49,831:DEBUG:discord.client: Dispatching event socket_response
2021-01-17 02:13:49,831:DEBUG:discord.client: Dispatching event guild_available
2021-01-17 02:13:51,834:DEBUG:discord.client: Dispatching event ready
2021-01-17 02:13:51,835:DEBUG:discord.gateway: Sending "{"op":3,"d":{"game":{"type":0,"name":"$help","timestamps":{}},"afk":false,"since":0.0,"status":"online"}}" to change status
2021-01-17 02:13:51,835:DEBUG:discord.client: Dispatching event socket_raw_send
2021-01-17 02:14:30,946:DEBUG:discord.gateway: Keeping shard ID None websocket alive with sequence 2.
2021-01-17 02:14:31,031:DEBUG:discord.client: Dispatching event socket_raw_receive
2021-01-17 02:14:31,032:DEBUG:discord.gateway: For Shard ID None: WebSocket Event: {'t': None, 's': None, 'op': 11, 'd': None}
2021-01-17 02:14:31,032:DEBUG:discord.client: Dispatching event socket_response
2021-01-17 02:15:12,200:DEBUG:discord.gateway: Keeping shard ID None websocket alive with sequence 2.
2021-01-17 02:15:12,285:DEBUG:discord.client: Dispatching event socket_raw_receive
2021-01-17 02:15:12,285:DEBUG:discord.gateway: For Shard ID None: WebSocket Event: {'t': None, 's': None, 'op': 11, 'd': None}
2021-01-17 02:15:12,286:DEBUG:discord.client: Dispatching event socket_response
2021-01-17 02:15:53,454:DEBUG:discord.gateway: Keeping shard ID None websocket alive with sequence 2.
2021-01-17 02:15:53,533:DEBUG:discord.client: Dispatching event socket_raw_receive
2021-01-17 02:15:53,533:DEBUG:discord.gateway: For Shard ID None: WebSocket Event: {'t': None, 's': None, 'op': 11, 'd': None}
2021-01-17 02:15:53,533:DEBUG:discord.client: Dispatching event socket_response
2021-01-17 02:16:34,705:DEBUG:discord.gateway: Keeping shard ID None websocket alive with sequence 2.
2021-01-17 02:16:34,790:DEBUG:discord.client: Dispatching event socket_raw_receive
2021-01-17 02:16:34,791:DEBUG:discord.gateway: For Shard ID None: WebSocket Event: {'t': None, 's': None, 'op': 11, 'd': None}
2021-01-17 02:16:34,791:DEBUG:discord.client: Dispatching event socket_response
2021-01-17 02:17:15,962:DEBUG:discord.gateway: Keeping shard ID None websocket alive with sequence 2.
2021-01-17 02:17:16,045:DEBUG:discord.client: Dispatching event socket_raw_receive
2021-01-17 02:17:16,045:DEBUG:discord.gateway: For Shard ID None: WebSocket Event: {'t': None, 's': None, 'op': 11, 'd': None}
2021-01-17 02:17:16,046:DEBUG:discord.client: Dispatching event socket_response
2021-01-17 02:17:57,213:DEBUG:discord.gateway: Keeping shard ID None websocket alive with sequence 2.
2021-01-17 02:17:57,301:DEBUG:discord.client: Dispatching event socket_raw_receive
2021-01-17 02:17:57,302:DEBUG:discord.gateway: For Shard ID None: WebSocket Event: {'t': None, 's': None, 'op': 11, 'd': None}
2021-01-17 02:17:57,302:DEBUG:discord.client: Dispatching event socket_response
